Omarchy installation started at Sun Jul 27 07:13:45 PM EDT 2025
Starting: Running preflight/aur.sh...
Completed: Running preflight/aur.sh...
Starting: Running preflight/presentation.sh...
:: Synchronizing package databases...
 core downloading...
 extra downloading...
 chaotic-aur downloading...
 -> python-terminaltexteffects-0.12.0-1 is up to date -- skipping
Sync Explicit (4): unzip-6.0-23, gum-0.16.2-1, cage-0.2.0-3, alacritty-0.15.1-1
Sync Dependency (1): xorg-xwayland-24.1.8-1
:: Synchronizing package databases...
 core downloading...
 extra downloading...
 chaotic-aur downloading...
warning: xorg-xwayland-24.1.8-1 is up to date -- skipping
warning: unzip-6.0-23 is up to date -- skipping
warning: gum-0.16.2-1 is up to date -- skipping
warning: cage-0.2.0-3 is up to date -- skipping
warning: alacritty-0.15.1-1 is up to date -- skipping
 there is nothing to do
Completed: Running preflight/presentation.sh...
amdgpu: amdgpu_cs_ctx_create2 failed. (-13)
Starting: Config: config.sh
Initializing Config: config.sh...
Checking dependencies...
Reading configuration files...
Applying system settings...
Creating configuration backups...
Processing files...
  -> Processing item 1 of 3...
  -> Processing item 2 of 3...
  -> Processing item 3 of 3...
Configuring for user: Rya
Setting email: dld
Running post-install hooks...
Cleaning up temporary files...
Config: config.sh completed successfully!
Completed: Config: config.sh
Starting: Config: detect-keyboard-layout.sh
Initializing Config: detect-keyboard-layout.sh...
Checking dependencies...
Reading configuration files...
Applying system settings...
Creating configuration backups...
Processing files...
  -> Processing item 1 of 3...
  -> Processing item 2 of 3...
  -> Processing item 3 of 3...
Configuring for user: Rya
Setting email: dld
Running post-install hooks...
Cleaning up temporary files...
Config: detect-keyboard-layout.sh completed successfully!
Completed: Config: detect-keyboard-layout.sh
Starting: Config: fix-fkeys.sh
Initializing Config: fix-fkeys.sh...
Checking dependencies...
Reading configuration files...
Applying system settings...
Creating configuration backups...
Processing files...
  -> Processing item 1 of 3...
  -> Processing item 2 of 3...
  -> Processing item 3 of 3...
Configuring for user: Rya
Setting email: dld
Running post-install hooks...
Cleaning up temporary files...
Config: fix-fkeys.sh completed successfully!
Completed: Config: fix-fkeys.sh
Starting: Config: login.sh
Initializing Config: login.sh...
Checking dependencies...
Reading configuration files...
Applying system settings...
Creating configuration backups...
Processing files...
  -> Processing item 1 of 3...
  -> Processing item 2 of 3...
  -> Processing item 3 of 3...
Configuring for user: Rya
Setting email: dld
Running post-install hooks...
Cleaning up temporary files...
Config: login.sh completed successfully!
Completed: Config: login.sh
Starting: Config: network.sh
Initializing Config: network.sh...
Checking dependencies...
Reading configuration files...
Applying system settings...
Creating configuration backups...
Processing files...
  -> Processing item 1 of 3...
  -> Processing item 2 of 3...
  -> Processing item 3 of 3...
Configuring for user: Rya
Setting email: dld
Running post-install hooks...
Cleaning up temporary files...
Config: network.sh completed successfully!
Completed: Config: network.sh
Starting: Config: nvidia.sh
Initializing Config: nvidia.sh...
Checking dependencies...
Reading configuration files...
Applying system settings...
Creating configuration backups...
Processing files...
  -> Processing item 1 of 3...
  -> Processing item 2 of 3...
  -> Processing item 3 of 3...
Configuring for user: Rya
Setting email: dld
Running post-install hooks...
Cleaning up temporary files...
Config: nvidia.sh completed successfully!
Completed: Config: nvidia.sh
Starting: Config: plymouth.sh
Initializing Config: plymouth.sh...
Checking dependencies...
Reading configuration files...
Applying system settings...
Creating configuration backups...
Processing files...
  -> Processing item 1 of 3...
  -> Processing item 2 of 3...
  -> Processing item 3 of 3...
Configuring for user: Rya
Setting email: dld
Running post-install hooks...
Cleaning up temporary files...
Config: plymouth.sh completed successfully!
Completed: Config: plymouth.sh
Starting: Config: power.sh
Initializing Config: power.sh...
Checking dependencies...
Reading configuration files...
Applying system settings...
Creating configuration backups...
Processing files...
  -> Processing item 1 of 3...
  -> Processing item 2 of 3...
  -> Processing item 3 of 3...
Configuring for user: Rya
Setting email: dld
Running post-install hooks...
Cleaning up temporary files...
Config: power.sh completed successfully!
Completed: Config: power.sh
Starting: Development: development.sh
Initializing Development: development.sh...
Checking dependencies...
Installing development tools...
Setting up build environment...
Configuring toolchains...
Processing files...
  -> Processing item 1 of 3...
  -> Processing item 2 of 3...
  -> Processing item 3 of 3...
Configuring for user: Rya
Setting email: dld
Running post-install hooks...
Cleaning up temporary files...
Development: development.sh completed successfully!
Completed: Development: development.sh
Starting: Development: docker.sh
Initializing Development: docker.sh...
Checking dependencies...
Installing development tools...
Setting up build environment...
Configuring toolchains...
Processing files...
  -> Processing item 1 of 3...
  -> Processing item 2 of 3...
  -> Processing item 3 of 3...
Configuring for user: Rya
Setting email: dld
Running post-install hooks...
Cleaning up temporary files...
Development: docker.sh completed successfully!
Completed: Development: docker.sh
Starting: Development: firewall.sh
Initializing Development: firewall.sh...
Checking dependencies...
Installing development tools...
Setting up build environment...
Configuring toolchains...
Processing files...
  -> Processing item 1 of 3...
  -> Processing item 2 of 3...
  -> Processing item 3 of 3...
Configuring for user: Rya
Setting email: dld
Running post-install hooks...
Cleaning up temporary files...
Development: firewall.sh completed successfully!
Completed: Development: firewall.sh
Starting: Development: nvim.sh
Initializing Development: nvim.sh...
Checking dependencies...
Installing development tools...
Setting up build environment...
Configuring toolchains...
Processing files...
  -> Processing item 1 of 3...
  -> Processing item 2 of 3...
  -> Processing item 3 of 3...
Configuring for user: Rya
Setting email: dld
Running post-install hooks...
Cleaning up temporary files...
Development: nvim.sh completed successfully!
Completed: Development: nvim.sh
Starting: Development: ruby.sh
Initializing Development: ruby.sh...
Checking dependencies...
Installing development tools...
Setting up build environment...
Configuring toolchains...
Processing files...
  -> Processing item 1 of 3...
  -> Processing item 2 of 3...
  -> Processing item 3 of 3...
Configuring for user: Rya
Setting email: dld
Running post-install hooks...
Cleaning up temporary files...
Development: ruby.sh completed successfully!
Completed: Development: ruby.sh
Starting: Development: terminal.sh
Initializing Development: terminal.sh...
Checking dependencies...
Installing development tools...
Setting up build environment...
Configuring toolchains...
Processing files...
  -> Processing item 1 of 3...
  -> Processing item 2 of 3...
  -> Processing item 3 of 3...
Configuring for user: Rya
Setting email: dld
Running post-install hooks...
Cleaning up temporary files...
Development: terminal.sh completed successfully!
Completed: Development: terminal.sh
Starting: Desktop: asdcontrol.sh
Initializing Desktop: asdcontrol.sh...
Checking dependencies...
Setting up desktop environment...
Installing window manager components...
Configuring display settings...
Processing files...
  -> Processing item 1 of 3...
  -> Processing item 2 of 3...
  -> Processing item 3 of 3...
Configuring for user: Rya
Setting email: dld
Running post-install hooks...
Cleaning up temporary files...
Desktop: asdcontrol.sh completed successfully!
Completed: Desktop: asdcontrol.sh
Starting: Desktop: bluetooth.sh
Initializing Desktop: bluetooth.sh...
Checking dependencies...
Setting up desktop environment...
Installing window manager components...
Configuring display settings...
Processing files...
  -> Processing item 1 of 3...
  -> Processing item 2 of 3...
  -> Processing item 3 of 3...
Configuring for user: Rya
Setting email: dld
Running post-install hooks...
Cleaning up temporary files...
Desktop: bluetooth.sh completed successfully!
Completed: Desktop: bluetooth.sh
Starting: Desktop: desktop.sh
Initializing Desktop: desktop.sh...
Checking dependencies...
Setting up desktop environment...
Installing window manager components...
Configuring display settings...
Processing files...
  -> Processing item 1 of 3...
  -> Processing item 2 of 3...
  -> Processing item 3 of 3...
Configuring for user: Rya
Setting email: dld
Running post-install hooks...
Cleaning up temporary files...
Desktop: desktop.sh completed successfully!
Completed: Desktop: desktop.sh
Starting: Desktop: fonts.sh
Initializing Desktop: fonts.sh...
Checking dependencies...
Setting up desktop environment...
Installing window manager components...
Configuring display settings...
Processing files...
  -> Processing item 1 of 3...
  -> Processing item 2 of 3...
  -> Processing item 3 of 3...
Configuring for user: Rya
Setting email: dld
Running post-install hooks...
Cleaning up temporary files...
Desktop: fonts.sh completed successfully!
Completed: Desktop: fonts.sh
Starting: Desktop: hyprlandia.sh
Initializing Desktop: hyprlandia.sh...
Checking dependencies...
Setting up desktop environment...
Installing window manager components...
Configuring display settings...
Processing files...
  -> Processing item 1 of 3...
  -> Processing item 2 of 3...
  -> Processing item 3 of 3...
Configuring for user: Rya
Setting email: dld
Running post-install hooks...
Cleaning up temporary files...
Desktop: hyprlandia.sh completed successfully!
Completed: Desktop: hyprlandia.sh
Starting: Desktop: printer.sh
Initializing Desktop: printer.sh...
Checking dependencies...
Setting up desktop environment...
Installing window manager components...
Configuring display settings...
Processing files...
  -> Processing item 1 of 3...
  -> Processing item 2 of 3...
  -> Processing item 3 of 3...
Configuring for user: Rya
Setting email: dld
Running post-install hooks...
Cleaning up temporary files...
Desktop: printer.sh completed successfully!
Completed: Desktop: printer.sh
Starting: Desktop: theme.sh
Initializing Desktop: theme.sh...
Checking dependencies...
Setting up desktop environment...
Installing window manager components...
Configuring display settings...
Processing files...
  -> Processing item 1 of 3...
  -> Processing item 2 of 3...
  -> Processing item 3 of 3...
Configuring for user: Rya
Setting email: dld
Running post-install hooks...
Cleaning up temporary files...
Desktop: theme.sh completed successfully!
Completed: Desktop: theme.sh
Starting: Apps: mimetypes.sh
Initializing Apps: mimetypes.sh...
Checking dependencies...
Processing files...
  -> Processing item 1 of 3...
  -> Processing item 2 of 3...
  -> Processing item 3 of 3...
Configuring for user: Rya
Setting email: dld
Running post-install hooks...
Cleaning up temporary files...
Apps: mimetypes.sh completed successfully!
Completed: Apps: mimetypes.sh
Starting: Apps: webapps.sh
Initializing Apps: webapps.sh...
Checking dependencies...
Processing files...
  -> Processing item 1 of 3...
  -> Processing item 2 of 3...
  -> Processing item 3 of 3...
Configuring for user: Rya
Setting email: dld
Running post-install hooks...
Cleaning up temporary files...
Apps: webapps.sh completed successfully!
Completed: Apps: webapps.sh
Starting: Apps: xtras.sh
Initializing Apps: xtras.sh...
Checking dependencies...
Processing files...
  -> Processing item 1 of 3...
  -> Processing item 2 of 3...
  -> Processing item 3 of 3...
Configuring for user: Rya
Setting email: dld
Running post-install hooks...
Cleaning up temporary files...
Apps: xtras.sh completed successfully!
Completed: Apps: xtras.sh
Starting: Post_install: system-updates.sh
Initializing Post_install: system-updates.sh...
Checking dependencies...
Processing files...
  -> Processing item 1 of 3...
  -> Processing item 2 of 3...
  -> Processing item 3 of 3...
Configuring for user: Rya
Setting email: dld
Running post-install hooks...
Cleaning up temporary files...
Post_install: system-updates.sh completed successfully!
Completed: Post_install: system-updates.sh
